[debug] [2021-08-19T15:58:24.632Z] ----------------------------------------------------------------------
[debug] [2021-08-19T15:58:24.635Z] Command:       /usr/local/bin/node /usr/local/bin/firebase init
[debug] [2021-08-19T15:58:24.636Z] CLI Version:   9.10.0
[debug] [2021-08-19T15:58:24.636Z] Platform:      darwin
[debug] [2021-08-19T15:58:24.636Z] Node Version:  v14.12.0
[debug] [2021-08-19T15:58:24.637Z] Time:          Thu Aug 19 2021 21:28:24 GMT+0530 (India Standard Time)
[debug] [2021-08-19T15:58:24.637Z] ----------------------------------------------------------------------
[debug] 
[debug] [2021-08-19T15:58:24.641Z] >>> [apiv2][query] GET https://firebase-public.firebaseio.com/cli.json [none]
[debug] [2021-08-19T15:58:24.667Z] > command requires scopes: ["email","openid","https://www.googleapis.com/auth/cloudplatformprojects.readonly","https://www.googleapis.com/auth/firebase","https://www.googleapis.com/auth/cloud-platform"]
[debug] [2021-08-19T15:58:24.667Z] > authorizing via signed-in user (jalanakshat2@gmail.com)
[info] 
     ######## #### ########  ######## ########     ###     ######  ########
     ##        ##  ##     ## ##       ##     ##  ##   ##  ##       ##
     ######    ##  ########  ######   ########  #########  ######  ######
     ##        ##  ##    ##  ##       ##     ## ##     ##       ## ##
     ##       #### ##     ## ######## ########  ##     ##  ######  ########

You're about to initialize a Firebase project in this directory:

  /Users/akshat/Desktop/movieapp

[debug] [2021-08-19T15:58:25.887Z] <<< [apiv2][status] GET https://firebase-public.firebaseio.com/cli.json 200
[debug] [2021-08-19T15:58:25.887Z] <<< [apiv2][body] GET https://firebase-public.firebaseio.com/cli.json {"cloudBuildErrorAfter":1594252800000,"cloudBuildWarnAfter":1590019200000,"defaultNode10After":1594252800000,"minVersion":"3.0.5","node8DeploysDisabledAfter":1613390400000,"node8RuntimeDisabledAfter":1615809600000,"node8WarnAfter":1600128000000}
[info] 
=== Project Setup
[info] 
[info] First, let's associate this project directory with a Firebase project.
[info] You can create multiple project aliases by running firebase use --add, 
[info] but for now we'll just set up a default project.
[info] 
[debug] [2021-08-19T15:58:41.396Z] > refreshing access token with scopes: []
[debug] [2021-08-19T15:58:41.396Z] >>> HTTP REQUEST POST https://www.googleapis.com/oauth2/v3/token  
 <request body omitted>
[debug] [2021-08-19T15:58:41.711Z] <<< HTTP RESPONSE 200 {"expires":"Mon, 01 Jan 1990 00:00:00 GMT","pragma":"no-cache","cache-control":"no-cache, no-store, max-age=0, must-revalidate","date":"Thu, 19 Aug 2021 15:58:41 GMT","content-type":"application/json; charset=utf-8","vary":"X-Origin, Referer, Origin,Accept-Encoding","server":"scaffolding on HTTPServer2","x-xss-protection":"0","x-frame-options":"SAMEORIGIN","x-content-type-options":"nosniff","alt-svc":"h3=\":443\"; ma=2592000,h3-29=\":443\"; ma=2592000,h3-T051=\":443\"; ma=2592000,h3-Q050=\":443\"; ma=2592000,h3-Q046=\":443\"; ma=2592000,h3-Q043=\":443\"; ma=2592000,quic=\":443\"; ma=2592000; v=\"46,43\"","accept-ranges":"none","transfer-encoding":"chunked"}
[debug] [2021-08-19T15:58:41.757Z] >>> [apiv2][query] GET https://firebase.googleapis.com/v1beta1/projects pageSize=100
[debug] [2021-08-19T15:58:42.490Z] <<< [apiv2][status] GET https://firebase.googleapis.com/v1beta1/projects 200
[debug] [2021-08-19T15:58:42.491Z] <<< [apiv2][body] GET https://firebase.googleapis.com/v1beta1/projects [omitted]
